#
# There is insufficient memory for the Java Runtime Environment to continue.
# Native memory allocation (malloc) failed to allocate 268435456 bytes for committing reserved memory.
# Possible reasons:
#   The system is out of physical RAM or swap space
#   In 32 bit mode, the process size limit was hit
# Possible solutions:
#   Reduce memory load on the system
#   Increase physical memory or swap space
#   Check if swap backing store is full
#   Use 64 bit Java on a 64 bit OS
#   Decrease Java heap size (-Xmx/-Xms)
#   Decrease number of Java threads
#   Decrease Java thread stack sizes (-Xss)
#   Set larger code cache with -XX:ReservedCodeCacheSize=
# This output file may be truncated or incomplete.
#
#  Out of Memory Error (os_linux.cpp:2726), pid=4309, tid=3061590848
#
# JRE version:  (7.0_55-b13) (build )
# Java VM: Java HotSpot(TM) Server VM (24.55-b03 mixed mode linux-x86 )
# Failed to write core dump. Core dumps have been disabled. To enable core dumping, try "ulimit -c unlimited" before starting Java again
#

---------------  T H R E A D  ---------------

Current thread (0xb6608800):  JavaThread "Unknown thread" [_thread_in_vm, id=4311, stack(0xb6772000,0xb67c3000)]

Stack: [0xb6772000,0xb67c3000],  sp=0xb67c1ad0,  free space=318k
Native frames: (J=compiled Java code, j=interpreted, Vv=VM code, C=native code)
V  [libjvm.so+0x7dcc36]  VMError::report_and_die()+0x1a6
V  [libjvm.so+0x33a652]  report_vm_out_of_memory(char const*, int, unsigned int, char const*)+0x72
V  [libjvm.so+0x67bf81]  os::Linux::commit_memory_impl(char*, unsigned int, bool)+0xe1
V  [libjvm.so+0x67c3d7]  os::Linux::commit_memory_impl(char*, unsigned int, unsigned int, bool)+0x47
V  [libjvm.so+0x67c5bd]  os::pd_commit_memory(char*, unsigned int, unsigned int, bool)+0x1d
V  [libjvm.so+0x675fec]  os::commit_memory(char*, unsigned int, unsigned int, bool)+0x2c
V  [libjvm.so+0x6df508]  PSVirtualSpace::expand_by(unsigned int)+0x48
V  [libjvm.so+0x6e0254]  PSYoungGen::initialize_virtual_space(ReservedSpace, unsigned int)+0x54
V  [libjvm.so+0x6e0aa5]  PSYoungGen::initialize(ReservedSpace, unsigned int)+0x25
V  [libjvm.so+0x18682a]  AdjoiningGenerations::AdjoiningGenerations(ReservedSpace, unsigned int, unsigned int, unsigned int, unsigned int, unsigned int, unsigned int, unsigned int)+0x27a
V  [libjvm.so+0x69b311]  ParallelScavengeHeap::initialize()+0x401
V  [libjvm.so+0x7b0c74]  Universe::initialize_heap()+0xa4
V  [libjvm.so+0x7b22a5]  universe_init()+0x55
V  [libjvm.so+0x44a005]  init_globals()+0x55
V  [libjvm.so+0x79b010]  Threads::create_vm(JavaVMInitArgs*, bool*)+0x200
V  [libjvm.so+0x4bc1cc]  JNI_CreateJavaVM+0x5c
C  [libjli.so+0x2668]  JavaMain+0x98
C  [libpthread.so.0+0x6f70]  start_thread+0xd0


---------------  P R O C E S S  ---------------

Java Threads: ( => current thread )

Other Threads:

=>0xb6608800 (exited) JavaThread "Unknown thread" [_thread_in_vm, id=4311, stack(0xb6772000,0xb67c3000)]

VM state:not at safepoint (not fully initialized)

VM Mutex/Monitor currently owned by a thread: None

GC Heap History (0 events):
No events

Deoptimization events (0 events):
No events

Internal exceptions (0 events):
No events

Events (0 events):
No events


Dynamic libraries:
08048000-08049000 r-xp 00000000 08:06 1710690    /usr/lib/jvm/java-7-oracle/bin/java
08049000-0804a000 rw-p 00000000 08:06 1710690    /usr/lib/jvm/java-7-oracle/bin/java
093f3000-09414000 rw-p 00000000 00:00 0          [heap]
732ff000-734ff000 rw-p 00000000 00:00 0 
734ff000-73500000 rw-p 00000000 00:00 0 
73500000-a3500000 rw-p 00000000 00:00 0 
b32f6000-b3518000 rw-p 00000000 00:00 0 
b3518000-b35cf000 rw-p 00000000 00:00 0 
b35cf000-b380f000 rwxp 00000000 00:00 0 
b380f000-b65cf000 rw-p 00000000 00:00 0 
b65cf000-b65e6000 r-xp 00000000 08:06 1713564    /usr/lib/jvm/java-7-oracle/jre/lib/i386/libzip.so
b65e6000-b65e7000 rw-p 00017000 08:06 1713564    /usr/lib/jvm/java-7-oracle/jre/lib/i386/libzip.so
b65e7000-b65f2000 r-xp 00000000 08:06 5112871    /lib/i386-linux-gnu/libnss_files-2.19.so
b65f2000-b65f3000 r--p 0000a000 08:06 5112871    /lib/i386-linux-gnu/libnss_files-2.19.so
b65f3000-b65f4000 rw-p 0000b000 08:06 5112871    /lib/i386-linux-gnu/libnss_files-2.19.so
b65f4000-b65fe000 r-xp 00000000 08:06 5112881    /lib/i386-linux-gnu/libnss_nis-2.19.so
b65fe000-b65ff000 r--p 00009000 08:06 5112881    /lib/i386-linux-gnu/libnss_nis-2.19.so
b65ff000-b6600000 rw-p 0000a000 08:06 5112881    /lib/i386-linux-gnu/libnss_nis-2.19.so
b6600000-b6621000 rw-p 00000000 00:00 0 
b6621000-b6700000 ---p 00000000 00:00 0 
b670b000-b6720000 r-xp 00000000 08:06 5112865    /lib/i386-linux-gnu/libnsl-2.19.so
b6720000-b6721000 r--p 00015000 08:06 5112865    /lib/i386-linux-gnu/libnsl-2.19.so
b6721000-b6722000 rw-p 00016000 08:06 5112865    /lib/i386-linux-gnu/libnsl-2.19.so
b6722000-b6724000 rw-p 00000000 00:00 0 
b6730000-b6733000 rw-p 00000000 00:00 0 
b6733000-b673b000 rw-s 00000000 08:06 790986     /tmp/hsperfdata_root/4309
b673b000-b6744000 r-xp 00000000 08:06 1713602    /usr/lib/jvm/java-7-oracle/jre/lib/i386/libinstrument.so
b6744000-b6745000 rw-p 00008000 08:06 1713602    /usr/lib/jvm/java-7-oracle/jre/lib/i386/libinstrument.so
b6745000-b6768000 r-xp 00000000 08:06 1713568    /usr/lib/jvm/java-7-oracle/jre/lib/i386/libjava.so
b6768000-b6769000 rw-p 00022000 08:06 1713568    /usr/lib/jvm/java-7-oracle/jre/lib/i386/libjava.so
b6769000-b6770000 r-xp 00000000 08:06 5112924    /lib/i386-linux-gnu/librt-2.19.so
b6770000-b6771000 r--p 00006000 08:06 5112924    /lib/i386-linux-gnu/librt-2.19.so
b6771000-b6772000 rw-p 00007000 08:06 5112924    /lib/i386-linux-gnu/librt-2.19.so
b6772000-b6775000 ---p 00000000 00:00 0 
b6775000-b67c3000 rw-p 00000000 00:00 0          [stack:4311]
b67c3000-b6807000 r-xp 00000000 08:06 5112846    /lib/i386-linux-gnu/libm-2.19.so
b6807000-b6808000 r--p 00043000 08:06 5112846    /lib/i386-linux-gnu/libm-2.19.so
b6808000-b6809000 rw-p 00044000 08:06 5112846    /lib/i386-linux-gnu/libm-2.19.so
b6809000-b7080000 r-xp 00000000 08:06 1713621    /usr/lib/jvm/java-7-oracle/jre/lib/i386/server/libjvm.so
b7080000-b70e4000 rw-p 00877000 08:06 1713621    /usr/lib/jvm/java-7-oracle/jre/lib/i386/server/libjvm.so
b70e4000-b7508000 rw-p 00000000 00:00 0 
b7508000-b76b1000 r-xp 00000000 08:06 5112796    /lib/i386-linux-gnu/libc-2.19.so
b76b1000-b76b3000 r--p 001a9000 08:06 5112796    /lib/i386-linux-gnu/libc-2.19.so
b76b3000-b76b4000 rw-p 001ab000 08:06 5112796    /lib/i386-linux-gnu/libc-2.19.so
b76b4000-b76b7000 rw-p 00000000 00:00 0 
b76b7000-b76ba000 r-xp 00000000 08:06 5112813    /lib/i386-linux-gnu/libdl-2.19.so
b76ba000-b76bb000 r--p 00002000 08:06 5112813    /lib/i386-linux-gnu/libdl-2.19.so
b76bb000-b76bc000 rw-p 00003000 08:06 5112813    /lib/i386-linux-gnu/libdl-2.19.so
b76bc000-b76bd000 rw-p 00000000 00:00 0 
b76bd000-b76d0000 r-xp 00000000 08:06 1710040    /usr/lib/jvm/java-7-oracle/lib/i386/jli/libjli.so
b76d0000-b76d1000 rw-p 00012000 08:06 1710040    /usr/lib/jvm/java-7-oracle/lib/i386/jli/libjli.so
b76d1000-b76e9000 r-xp 00000000 08:06 5112916    /lib/i386-linux-gnu/libpthread-2.19.so
b76e9000-b76ea000 r--p 00017000 08:06 5112916    /lib/i386-linux-gnu/libpthread-2.19.so
b76ea000-b76eb000 rw-p 00018000 08:06 5112916    /lib/i386-linux-gnu/libpthread-2.19.so
b76eb000-b76ed000 rw-p 00000000 00:00 0 
b76ed000-b76f4000 r-xp 00000000 08:06 5112867    /lib/i386-linux-gnu/libnss_compat-2.19.so
b76f4000-b76f5000 r--p 00006000 08:06 5112867    /lib/i386-linux-gnu/libnss_compat-2.19.so
b76f5000-b76f6000 rw-p 00007000 08:06 5112867    /lib/i386-linux-gnu/libnss_compat-2.19.so
b76f6000-b76f7000 rw-p 00000000 00:00 0 
b76f7000-b76f8000 r--p 00000000 00:00 0 
b76f8000-b7703000 r-xp 00000000 08:06 1713625    /usr/lib/jvm/java-7-oracle/jre/lib/i386/libverify.so
b7703000-b7704000 rw-p 0000b000 08:06 1713625    /usr/lib/jvm/java-7-oracle/jre/lib/i386/libverify.so
b7704000-b7706000 rw-p 00000000 00:00 0 
b7706000-b7707000 r-xp 00000000 00:00 0          [vdso]
b7707000-b7727000 r-xp 00000000 08:06 5112772    /lib/i386-linux-gnu/ld-2.19.so
b7727000-b7728000 r--p 0001f000 08:06 5112772    /lib/i386-linux-gnu/ld-2.19.so
b7728000-b7729000 rw-p 00020000 08:06 5112772    /lib/i386-linux-gnu/ld-2.19.so
bfb58000-bfb79000 rw-p 00000000 00:00 0          [stack]

VM Arguments:
jvm_args: -Dgrails.home=/home/eebasadre20/.gvm/grails/2.2.4 -Dbase.dir=/home/eebasadre20/Documents/Estudyante Blues/Web Application/coderpg -Dtools.jar=/usr/lib/jvm/java-7-oracle/lib/tools.jar -Dgroovy.starter.conf=/home/eebasadre20/.gvm/grails/2.2.4/conf/groovy-starter.conf -Xmx768M -Xms768M -XX:MaxPermSize=256m -XX:PermSize=256m -javaagent:/home/eebasadre20/.gvm/grails/2.2.4/lib/org.springsource.springloaded/springloaded-core/jars/springloaded-core-1.1.3.jar -Xverify:none -Dspringloaded=profile=grails -Didea.launcher.port=7532 -Didea.launcher.bin.path=/opt/idea/bin -Dfile.encoding=UTF-8 
java_command: com.intellij.rt.execution.application.AppMain org.codehaus.groovy.grails.cli.support.GrailsStarter --main org.codehaus.groovy.grails.cli.GrailsScriptRunner --conf /home/eebasadre20/.gvm/grails/2.2.4/conf/groovy-starter.conf run-app
Launcher Type: SUN_STANDARD

Environment Variables:
JAVA_HOME=/usr/lib/jvm/java-7-oracle
CLASSPATH=/opt/idea/bin/../lib/bootstrap.jar:/opt/idea/bin/../lib/extensions.jar:/opt/idea/bin/../lib/util.jar:/opt/idea/bin/../lib/jdom.jar:/opt/idea/bin/../lib/log4j.jar:/opt/idea/bin/../lib/trove4j.jar:/opt/idea/bin/../lib/jna.jar:/usr/lib/jvm/java-8-oracle/lib/tools.jar
PATH=/usr/local/sbin:/usr/local/bin:/usr/sbin:/usr/bin:/sbin:/bin
USERNAME=root
LD_LIBRARY_PATH=/opt/idea/bin:
SHELL=/bin/bash
DISPLAY=:0

Signal Handlers:
SIGSEGV: [libjvm.so+0x7dd750], sa_mask[0]=0x7ffbfeff, sa_flags=0x10000004
SIGBUS: [libjvm.so+0x7dd750], sa_mask[0]=0x7ffbfeff, sa_flags=0x10000004
SIGFPE: [libjvm.so+0x678ec0], sa_mask[0]=0x7ffbfeff, sa_flags=0x10000004
SIGPIPE: [libjvm.so+0x678ec0], sa_mask[0]=0x7ffbfeff, sa_flags=0x10000004
SIGXFSZ: [libjvm.so+0x678ec0], sa_mask[0]=0x7ffbfeff, sa_flags=0x10000004
SIGILL: [libjvm.so+0x678ec0], sa_mask[0]=0x7ffbfeff, sa_flags=0x10000004
SIGUSR1: SIG_DFL, sa_mask[0]=0x00000000, sa_flags=0x00000000
SIGUSR2: [libjvm.so+0x67a3b0], sa_mask[0]=0x00000004, sa_flags=0x10000004
SIGHUP: SIG_DFL, sa_mask[0]=0x00000000, sa_flags=0x00000000
SIGINT: SIG_DFL, sa_mask[0]=0x00000000, sa_flags=0x00000000
SIGTERM: SIG_DFL, sa_mask[0]=0x00000000, sa_flags=0x00000000
SIGQUIT: SIG_DFL, sa_mask[0]=0x00000000, sa_flags=0x00000000


---------------  S Y S T E M  ---------------

OS:jessie/sid

uname:Linux 3.13.0-24-generic #47-Ubuntu SMP Fri May 2 23:31:42 UTC 2014 i686
libc:glibc 2.19 NPTL 2.19 
rlimit: STACK 8192k, CORE 0k, NPROC 14884, NOFILE 4096, AS infinity
load average:2.20 1.31 1.11

/proc/meminfo:
MemTotal:        1924308 kB
MemFree:          137364 kB
Buffers:            4416 kB
Cached:           335000 kB
SwapCached:        30528 kB
Active:           856728 kB
Inactive:         847104 kB
Active(anon):     794084 kB
Inactive(anon):   782256 kB
Active(file):      62644 kB
Inactive(file):    64848 kB
Unevictable:          32 kB
Mlocked:              32 kB
HighTotal:       1042696 kB
HighFree:          21844 kB
LowTotal:         881612 kB
LowFree:          115520 kB
SwapTotal:        487420 kB
SwapFree:          26560 kB
Dirty:               116 kB
Writeback:             0 kB
AnonPages:       1334168 kB
Mapped:            70708 kB
Shmem:            211696 kB
Slab:              39956 kB
SReclaimable:      19560 kB
SUnreclaim:        20396 kB
KernelStack:        4656 kB
PageTables:        12396 kB
NFS_Unstable:          0 kB
Bounce:                0 kB
WritebackTmp:          0 kB
CommitLimit:     1449572 kB
Committed_AS:    5929476 kB
VmallocTotal:     122880 kB
VmallocUsed:       16400 kB
VmallocChunk:     102528 kB
HardwareCorrupted:     0 kB
AnonHugePages:    303104 kB
HugePages_Total:       0
HugePages_Free:        0
HugePages_Rsvd:        0
HugePages_Surp:        0
Hugepagesize:       2048 kB
DirectMap4k:       32760 kB
DirectMap2M:      880640 kB


CPU:total 4 (2 cores per cpu, 2 threads per core) family 6 model 37 stepping 5, cmov, cx8, fxsr, mmx, sse, sse2, sse3, ssse3, sse4.1, sse4.2, popcnt, ht, tsc, tscinvbit

/proc/cpuinfo:
processor	: 0
vendor_id	: GenuineIntel
cpu family	: 6
model		: 37
model name	: Intel(R) Core(TM) i3 CPU       M 370  @ 2.40GHz
stepping	: 5
microcode	: 0x2
cpu MHz		: 2399.000
cache size	: 3072 KB
physical id	: 0
siblings	: 4
core id		: 0
cpu cores	: 2
apicid		: 0
initial apicid	: 0
fdiv_bug	: no
f00f_bug	: no
coma_bug	: no
fpu		: yes
fpu_exception	: yes
cpuid level	: 11
wp		: yes
flags		: fpu vme de pse tsc msr pae mce cx8 apic sep mtrr pge mca cmov pat pse36 clflush dts acpi mmx fxsr sse sse2 ss ht tm pbe nx rdtscp lm constant_tsc arch_perfmon pebs bts xtopology nonstop_tsc aperfmperf pni dtes64 monitor ds_cpl vmx est tm2 ssse3 cx16 xtpr pdcm pcid sse4_1 sse4_2 popcnt lahf_lm arat dtherm tpr_shadow vnmi flexpriority ept vpid
bogomips	: 4788.87
clflush size	: 64
cache_alignment	: 64
address sizes	: 36 bits physical, 48 bits virtual
power management:

processor	: 1
vendor_id	: GenuineIntel
cpu family	: 6
model		: 37
model name	: Intel(R) Core(TM) i3 CPU       M 370  @ 2.40GHz
stepping	: 5
microcode	: 0x2
cpu MHz		: 2399.000
cache size	: 3072 KB
physical id	: 0
siblings	: 4
core id		: 0
cpu cores	: 2
apicid		: 1
initial apicid	: 1
fdiv_bug	: no
f00f_bug	: no
coma_bug	: no
fpu		: yes
fpu_exception	: yes
cpuid level	: 11
wp		: yes
flags		: fpu vme de pse tsc msr pae mce cx8 apic sep mtrr pge mca cmov pat pse36 clflush dts acpi mmx fxsr sse sse2 ss ht tm pbe nx rdtscp lm constant_tsc arch_perfmon pebs bts xtopology nonstop_tsc aperfmperf pni dtes64 monitor ds_cpl vmx est tm2 ssse3 cx16 xtpr pdcm pcid sse4_1 sse4_2 popcnt lahf_lm arat dtherm tpr_shadow vnmi flexpriority ept vpid
bogomips	: 4788.87
clflush size	: 64
cache_alignment	: 64
address sizes	: 36 bits physical, 48 bits virtual
power management:

processor	: 2
vendor_id	: GenuineIntel
cpu family	: 6
model		: 37
model name	: Intel(R) Core(TM) i3 CPU       M 370  @ 2.40GHz
stepping	: 5
microcode	: 0x2
cpu MHz		: 2399.000
cache size	: 3072 KB
physical id	: 0
siblings	: 4
core id		: 2
cpu cores	: 2
apicid		: 4
initial apicid	: 4
fdiv_bug	: no
f00f_bug	: no
coma_bug	: no
fpu		: yes
fpu_exception	: yes
cpuid level	: 11
wp		: yes
flags		: fpu vme de pse tsc msr pae mce cx8 apic sep mtrr pge mca cmov pat pse36 clflush dts acpi mmx fxsr sse sse2 ss ht tm pbe nx rdtscp lm constant_tsc arch_perfmon pebs bts xtopology nonstop_tsc aperfmperf pni dtes64 monitor ds_cpl vmx est tm2 ssse3 cx16 xtpr pdcm pcid sse4_1 sse4_2 popcnt lahf_lm arat dtherm tpr_shadow vnmi flexpriority ept vpid
bogomips	: 4788.87
clflush size	: 64
cache_alignment	: 64
address sizes	: 36 bits physical, 48 bits virtual
power management:

processor	: 3
vendor_id	: GenuineIntel
cpu family	: 6
model		: 37
model name	: Intel(R) Core(TM) i3 CPU       M 370  @ 2.40GHz
stepping	: 5
microcode	: 0x2
cpu MHz		: 2399.000
cache size	: 3072 KB
physical id	: 0
siblings	: 4
core id		: 2
cpu cores	: 2
apicid		: 5
initial apicid	: 5
fdiv_bug	: no
f00f_bug	: no
coma_bug	: no
fpu		: yes
fpu_exception	: yes
cpuid level	: 11
wp		: yes
flags		: fpu vme de pse tsc msr pae mce cx8 apic sep mtrr pge mca cmov pat pse36 clflush dts acpi mmx fxsr sse sse2 ss ht tm pbe nx rdtscp lm constant_tsc arch_perfmon pebs bts xtopology nonstop_tsc aperfmperf pni dtes64 monitor ds_cpl vmx est tm2 ssse3 cx16 xtpr pdcm pcid sse4_1 sse4_2 popcnt lahf_lm arat dtherm tpr_shadow vnmi flexpriority ept vpid
bogomips	: 4788.87
clflush size	: 64
cache_alignment	: 64
address sizes	: 36 bits physical, 48 bits virtual
power management:



Memory: 4k page, physical 1924308k(137364k free), swap 487420k(26560k free)

vm_info: Java HotSpot(TM) Server VM (24.55-b03) for linux-x86 JRE (1.7.0_55-b13), built on Mar 17 2014 19:41:29 by "java_re" with gcc 4.3.0 20080428 (Red Hat 4.3.0-8)

time: Fri May 16 18:44:39 2014
elapsed time: 0 seconds

