#
# There is insufficient memory for the Java Runtime Environment to continue.
# Native memory allocation (malloc) failed to allocate 536870912 bytes for committing reserved memory.
# Possible reasons:
#   The system is out of physical RAM or swap space
#   In 32 bit mode, the process size limit was hit
# Possible solutions:
#   Reduce memory load on the system
#   Increase physical memory or swap space
#   Check if swap backing store is full
#   Use 64 bit Java on a 64 bit OS
#   Decrease Java heap size (-Xmx/-Xms)
#   Decrease number of Java threads
#   Decrease Java thread stack sizes (-Xss)
#   Set larger code cache with -XX:ReservedCodeCacheSize=
# This output file may be truncated or incomplete.
#
#  Out of Memory Error (os_linux.cpp:2726), pid=15504, tid=3061635904
#
# JRE version:  (7.0_55-b13) (build )
# Java VM: Java HotSpot(TM) Server VM (24.55-b03 mixed mode linux-x86 )
# Failed to write core dump. Core dumps have been disabled. To enable core dumping, try "ulimit -c unlimited" before starting Java again
#

---------------  T H R E A D  ---------------

Current thread (0xb6608800):  JavaThread "Unknown thread" [_thread_in_vm, id=15514, stack(0xb677d000,0xb67ce000)]

Stack: [0xb677d000,0xb67ce000],  sp=0xb67ccaf0,  free space=318k
Native frames: (J=compiled Java code, j=interpreted, Vv=VM code, C=native code)
V  [libjvm.so+0x7dcc36]  VMError::report_and_die()+0x1a6
V  [libjvm.so+0x33a652]  report_vm_out_of_memory(char const*, int, unsigned int, char const*)+0x72
V  [libjvm.so+0x67bf81]  os::Linux::commit_memory_impl(char*, unsigned int, bool)+0xe1
V  [libjvm.so+0x67c3d7]  os::Linux::commit_memory_impl(char*, unsigned int, unsigned int, bool)+0x47
V  [libjvm.so+0x67c5bd]  os::pd_commit_memory(char*, unsigned int, unsigned int, bool)+0x1d
V  [libjvm.so+0x675fec]  os::commit_memory(char*, unsigned int, unsigned int, bool)+0x2c
V  [libjvm.so+0x6df508]  PSVirtualSpace::expand_by(unsigned int)+0x48
V  [libjvm.so+0x6d155d]  PSOldGen::initialize(ReservedSpace, unsigned int, char const*, int)+0x7d
V  [libjvm.so+0x186856]  AdjoiningGenerations::AdjoiningGenerations(ReservedSpace, unsigned int, unsigned int, unsigned int, unsigned int, unsigned int, unsigned int, unsigned int)+0x2a6
V  [libjvm.so+0x69b311]  ParallelScavengeHeap::initialize()+0x401
V  [libjvm.so+0x7b0c74]  Universe::initialize_heap()+0xa4
V  [libjvm.so+0x7b22a5]  universe_init()+0x55
V  [libjvm.so+0x44a005]  init_globals()+0x55
V  [libjvm.so+0x79b010]  Threads::create_vm(JavaVMInitArgs*, bool*)+0x200
V  [libjvm.so+0x4bc1cc]  JNI_CreateJavaVM+0x5c
C  [libjli.so+0x2668]  JavaMain+0x98
C  [libpthread.so.0+0x6f70]  start_thread+0xd0


---------------  P R O C E S S  ---------------

Java Threads: ( => current thread )

Other Threads:

=>0xb6608800 (exited) JavaThread "Unknown thread" [_thread_in_vm, id=15514, stack(0xb677d000,0xb67ce000)]

VM state:not at safepoint (not fully initialized)

VM Mutex/Monitor currently owned by a thread: None

GC Heap History (0 events):
No events

Deoptimization events (0 events):
No events

Internal exceptions (0 events):
No events

Events (0 events):
No events


Dynamic libraries:
08048000-08049000 r-xp 00000000 08:06 1710690    /usr/lib/jvm/java-7-oracle/bin/java
08049000-0804a000 rw-p 00000000 08:06 1710690    /usr/lib/jvm/java-7-oracle/bin/java
09c09000-09c2a000 rw-p 00000000 00:00 0          [heap]
732ff000-7347f000 rw-p 00000000 00:00 0 
7347f000-73500000 rw-p 00000000 00:00 0 
73500000-83500000 rw-p 00000000 00:00 0 
a32e7000-b3500000 rw-p 00000000 00:00 0 
b351b000-b3524000 rw-p 00000000 00:00 0 
b3524000-b35db000 rw-p 00000000 00:00 0 
b35db000-b381b000 rwxp 00000000 00:00 0 
b381b000-b65db000 rw-p 00000000 00:00 0 
b65db000-b65f2000 r-xp 00000000 08:06 1713564    /usr/lib/jvm/java-7-oracle/jre/lib/i386/libzip.so
b65f2000-b65f3000 rw-p 00017000 08:06 1713564    /usr/lib/jvm/java-7-oracle/jre/lib/i386/libzip.so
b65f3000-b65fe000 r-xp 00000000 08:06 5112871    /lib/i386-linux-gnu/libnss_files-2.19.so
b65fe000-b65ff000 r--p 0000a000 08:06 5112871    /lib/i386-linux-gnu/libnss_files-2.19.so
b65ff000-b6600000 rw-p 0000b000 08:06 5112871    /lib/i386-linux-gnu/libnss_files-2.19.so
b6600000-b6622000 rw-p 00000000 00:00 0 
b6622000-b6700000 ---p 00000000 00:00 0 
b670a000-b6714000 r-xp 00000000 08:06 5112881    /lib/i386-linux-gnu/libnss_nis-2.19.so
b6714000-b6715000 r--p 00009000 08:06 5112881    /lib/i386-linux-gnu/libnss_nis-2.19.so
b6715000-b6716000 rw-p 0000a000 08:06 5112881    /lib/i386-linux-gnu/libnss_nis-2.19.so
b6716000-b672b000 r-xp 00000000 08:06 5112865    /lib/i386-linux-gnu/libnsl-2.19.so
b672b000-b672c000 r--p 00015000 08:06 5112865    /lib/i386-linux-gnu/libnsl-2.19.so
b672c000-b672d000 rw-p 00016000 08:06 5112865    /lib/i386-linux-gnu/libnsl-2.19.so
b672d000-b672f000 rw-p 00000000 00:00 0 
b673b000-b673e000 rw-p 00000000 00:00 0 
b673e000-b6746000 rw-s 00000000 08:06 791209     /tmp/hsperfdata_root/15504
b6746000-b674f000 r-xp 00000000 08:06 1713602    /usr/lib/jvm/java-7-oracle/jre/lib/i386/libinstrument.so
b674f000-b6750000 rw-p 00008000 08:06 1713602    /usr/lib/jvm/java-7-oracle/jre/lib/i386/libinstrument.so
b6750000-b6773000 r-xp 00000000 08:06 1713568    /usr/lib/jvm/java-7-oracle/jre/lib/i386/libjava.so
b6773000-b6774000 rw-p 00022000 08:06 1713568    /usr/lib/jvm/java-7-oracle/jre/lib/i386/libjava.so
b6774000-b677b000 r-xp 00000000 08:06 5112924    /lib/i386-linux-gnu/librt-2.19.so
b677b000-b677c000 r--p 00006000 08:06 5112924    /lib/i386-linux-gnu/librt-2.19.so
b677c000-b677d000 rw-p 00007000 08:06 5112924    /lib/i386-linux-gnu/librt-2.19.so
b677d000-b6780000 ---p 00000000 00:00 0 
b6780000-b67ce000 rw-p 00000000 00:00 0          [stack:15514]
b67ce000-b6812000 r-xp 00000000 08:06 5112846    /lib/i386-linux-gnu/libm-2.19.so
b6812000-b6813000 r--p 00043000 08:06 5112846    /lib/i386-linux-gnu/libm-2.19.so
b6813000-b6814000 rw-p 00044000 08:06 5112846    /lib/i386-linux-gnu/libm-2.19.so
b6814000-b708b000 r-xp 00000000 08:06 1713621    /usr/lib/jvm/java-7-oracle/jre/lib/i386/server/libjvm.so
b708b000-b70ef000 rw-p 00877000 08:06 1713621    /usr/lib/jvm/java-7-oracle/jre/lib/i386/server/libjvm.so
b70ef000-b7513000 rw-p 00000000 00:00 0 
b7513000-b76bc000 r-xp 00000000 08:06 5112796    /lib/i386-linux-gnu/libc-2.19.so
b76bc000-b76be000 r--p 001a9000 08:06 5112796    /lib/i386-linux-gnu/libc-2.19.so
b76be000-b76bf000 rw-p 001ab000 08:06 5112796    /lib/i386-linux-gnu/libc-2.19.so
b76bf000-b76c2000 rw-p 00000000 00:00 0 
b76c2000-b76c5000 r-xp 00000000 08:06 5112813    /lib/i386-linux-gnu/libdl-2.19.so
b76c5000-b76c6000 r--p 00002000 08:06 5112813    /lib/i386-linux-gnu/libdl-2.19.so
b76c6000-b76c7000 rw-p 00003000 08:06 5112813    /lib/i386-linux-gnu/libdl-2.19.so
b76c7000-b76c8000 rw-p 00000000 00:00 0 
b76c8000-b76db000 r-xp 00000000 08:06 1710040    /usr/lib/jvm/java-7-oracle/lib/i386/jli/libjli.so
b76db000-b76dc000 rw-p 00012000 08:06 1710040    /usr/lib/jvm/java-7-oracle/lib/i386/jli/libjli.so
b76dc000-b76f4000 r-xp 00000000 08:06 5112916    /lib/i386-linux-gnu/libpthread-2.19.so
b76f4000-b76f5000 r--p 00017000 08:06 5112916    /lib/i386-linux-gnu/libpthread-2.19.so
b76f5000-b76f6000 rw-p 00018000 08:06 5112916    /lib/i386-linux-gnu/libpthread-2.19.so
b76f6000-b76f8000 rw-p 00000000 00:00 0 
b76f8000-b76ff000 r-xp 00000000 08:06 5112867    /lib/i386-linux-gnu/libnss_compat-2.19.so
b76ff000-b7700000 r--p 00006000 08:06 5112867    /lib/i386-linux-gnu/libnss_compat-2.19.so
b7700000-b7701000 rw-p 00007000 08:06 5112867    /lib/i386-linux-gnu/libnss_compat-2.19.so
b7701000-b7702000 rw-p 00000000 00:00 0 
b7702000-b7703000 r--p 00000000 00:00 0 
b7703000-b770e000 r-xp 00000000 08:06 1713625    /usr/lib/jvm/java-7-oracle/jre/lib/i386/libverify.so
b770e000-b770f000 rw-p 0000b000 08:06 1713625    /usr/lib/jvm/java-7-oracle/jre/lib/i386/libverify.so
b770f000-b7711000 rw-p 00000000 00:00 0 
b7711000-b7712000 r-xp 00000000 00:00 0          [vdso]
b7712000-b7732000 r-xp 00000000 08:06 5112772    /lib/i386-linux-gnu/ld-2.19.so
b7732000-b7733000 r--p 0001f000 08:06 5112772    /lib/i386-linux-gnu/ld-2.19.so
b7733000-b7734000 rw-p 00020000 08:06 5112772    /lib/i386-linux-gnu/ld-2.19.so
bfce9000-bfd0a000 rw-p 00000000 00:00 0          [stack]

VM Arguments:
jvm_args: -Dgrails.home=/home/eebasadre20/.gvm/grails/2.2.4 -Dbase.dir=/home/eebasadre20/Documents/Estudyante Blues/Web Application/coderpg -Dtools.jar=/usr/lib/jvm/java-7-oracle/lib/tools.jar -Dgroovy.starter.conf=/home/eebasadre20/.gvm/grails/2.2.4/conf/groovy-starter.conf -Xmx768M -Xms768M -XX:MaxPermSize=256m -XX:PermSize=256m -javaagent:/home/eebasadre20/.gvm/grails/2.2.4/lib/org.springsource.springloaded/springloaded-core/jars/springloaded-core-1.1.3.jar -Xverify:none -Dspringloaded=profile=grails -Dfile.encoding=UTF-8 
java_command: org.codehaus.groovy.grails.cli.support.GrailsStarter --main org.codehaus.groovy.grails.cli.GrailsScriptRunner --conf /home/eebasadre20/.gvm/grails/2.2.4/conf/groovy-starter.conf run-app
Launcher Type: SUN_STANDARD

Environment Variables:
JAVA_HOME=/usr/lib/jvm/java-7-oracle
CLASSPATH=/opt/idea/bin/../lib/bootstrap.jar:/opt/idea/bin/../lib/extensions.jar:/opt/idea/bin/../lib/util.jar:/opt/idea/bin/../lib/jdom.jar:/opt/idea/bin/../lib/log4j.jar:/opt/idea/bin/../lib/trove4j.jar:/opt/idea/bin/../lib/jna.jar:/usr/lib/jvm/java-8-oracle/lib/tools.jar
PATH=/usr/local/sbin:/usr/local/bin:/usr/sbin:/usr/bin:/sbin:/bin
USERNAME=root
LD_LIBRARY_PATH=/opt/idea/bin:
SHELL=/bin/bash
DISPLAY=:0

Signal Handlers:
SIGSEGV: [libjvm.so+0x7dd750], sa_mask[0]=0x7ffbfeff, sa_flags=0x10000004
SIGBUS: [libjvm.so+0x7dd750], sa_mask[0]=0x7ffbfeff, sa_flags=0x10000004
SIGFPE: [libjvm.so+0x678ec0], sa_mask[0]=0x7ffbfeff, sa_flags=0x10000004
SIGPIPE: [libjvm.so+0x678ec0], sa_mask[0]=0x7ffbfeff, sa_flags=0x10000004
SIGXFSZ: [libjvm.so+0x678ec0], sa_mask[0]=0x7ffbfeff, sa_flags=0x10000004
SIGILL: [libjvm.so+0x678ec0], sa_mask[0]=0x7ffbfeff, sa_flags=0x10000004
SIGUSR1: SIG_DFL, sa_mask[0]=0x00000000, sa_flags=0x00000000
SIGUSR2: [libjvm.so+0x67a3b0], sa_mask[0]=0x00000004, sa_flags=0x10000004
SIGHUP: SIG_DFL, sa_mask[0]=0x00000000, sa_flags=0x00000000
SIGINT: SIG_DFL, sa_mask[0]=0x00000000, sa_flags=0x00000000
SIGTERM: SIG_DFL, sa_mask[0]=0x00000000, sa_flags=0x00000000
SIGQUIT: SIG_DFL, sa_mask[0]=0x00000000, sa_flags=0x00000000


---------------  S Y S T E M  ---------------

OS:jessie/sid

uname:Linux 3.13.0-24-generic #47-Ubuntu SMP Fri May 2 23:31:42 UTC 2014 i686
libc:glibc 2.19 NPTL 2.19 
rlimit: STACK 8192k, CORE 0k, NPROC 14884, NOFILE 4096, AS infinity
load average:1.90 1.39 1.13

/proc/meminfo:
MemTotal:        1924308 kB
MemFree:          166708 kB
Buffers:           20364 kB
Cached:           440124 kB
SwapCached:        29620 kB
Active:           815880 kB
Inactive:         851120 kB
Active(anon):     718396 kB
Inactive(anon):   725420 kB
Active(file):      97484 kB
Inactive(file):   125700 kB
Unevictable:          32 kB
Mlocked:              32 kB
HighTotal:       1042696 kB
HighFree:          13448 kB
LowTotal:         881612 kB
LowFree:          153260 kB
SwapTotal:        487420 kB
SwapFree:         153064 kB
Dirty:             15456 kB
Writeback:             0 kB
AnonPages:       1177272 kB
Mapped:           101992 kB
Shmem:            236948 kB
Slab:              47184 kB
SReclaimable:      23228 kB
SUnreclaim:        23956 kB
KernelStack:        4336 kB
PageTables:        13288 kB
NFS_Unstable:          0 kB
Bounce:                0 kB
WritebackTmp:          0 kB
CommitLimit:     1449572 kB
Committed_AS:    8138636 kB
VmallocTotal:     122880 kB
VmallocUsed:       16840 kB
VmallocChunk:     102152 kB
HardwareCorrupted:     0 kB
AnonHugePages:    215040 kB
HugePages_Total:       0
HugePages_Free:        0
HugePages_Rsvd:        0
HugePages_Surp:        0
Hugepagesize:       2048 kB
DirectMap4k:       30712 kB
DirectMap2M:      882688 kB


CPU:total 4 (2 cores per cpu, 2 threads per core) family 6 model 37 stepping 5, cmov, cx8, fxsr, mmx, sse, sse2, sse3, ssse3, sse4.1, sse4.2, popcnt, ht, tsc, tscinvbit

/proc/cpuinfo:
processor	: 0
vendor_id	: GenuineIntel
cpu family	: 6
model		: 37
model name	: Intel(R) Core(TM) i3 CPU       M 370  @ 2.40GHz
stepping	: 5
microcode	: 0x2
cpu MHz		: 933.000
cache size	: 3072 KB
physical id	: 0
siblings	: 4
core id		: 0
cpu cores	: 2
apicid		: 0
initial apicid	: 0
fdiv_bug	: no
f00f_bug	: no
coma_bug	: no
fpu		: yes
fpu_exception	: yes
cpuid level	: 11
wp		: yes
flags		: fpu vme de pse tsc msr pae mce cx8 apic sep mtrr pge mca cmov pat pse36 clflush dts acpi mmx fxsr sse sse2 ss ht tm pbe nx rdtscp lm constant_tsc arch_perfmon pebs bts xtopology nonstop_tsc aperfmperf pni dtes64 monitor ds_cpl vmx est tm2 ssse3 cx16 xtpr pdcm pcid sse4_1 sse4_2 popcnt lahf_lm arat dtherm tpr_shadow vnmi flexpriority ept vpid
bogomips	: 4788.64
clflush size	: 64
cache_alignment	: 64
address sizes	: 36 bits physical, 48 bits virtual
power management:

processor	: 1
vendor_id	: GenuineIntel
cpu family	: 6
model		: 37
model name	: Intel(R) Core(TM) i3 CPU       M 370  @ 2.40GHz
stepping	: 5
microcode	: 0x2
cpu MHz		: 2399.000
cache size	: 3072 KB
physical id	: 0
siblings	: 4
core id		: 0
cpu cores	: 2
apicid		: 1
initial apicid	: 1
fdiv_bug	: no
f00f_bug	: no
coma_bug	: no
fpu		: yes
fpu_exception	: yes
cpuid level	: 11
wp		: yes
flags		: fpu vme de pse tsc msr pae mce cx8 apic sep mtrr pge mca cmov pat pse36 clflush dts acpi mmx fxsr sse sse2 ss ht tm pbe nx rdtscp lm constant_tsc arch_perfmon pebs bts xtopology nonstop_tsc aperfmperf pni dtes64 monitor ds_cpl vmx est tm2 ssse3 cx16 xtpr pdcm pcid sse4_1 sse4_2 popcnt lahf_lm arat dtherm tpr_shadow vnmi flexpriority ept vpid
bogomips	: 4788.64
clflush size	: 64
cache_alignment	: 64
address sizes	: 36 bits physical, 48 bits virtual
power management:

processor	: 2
vendor_id	: GenuineIntel
cpu family	: 6
model		: 37
model name	: Intel(R) Core(TM) i3 CPU       M 370  @ 2.40GHz
stepping	: 5
microcode	: 0x2
cpu MHz		: 2399.000
cache size	: 3072 KB
physical id	: 0
siblings	: 4
core id		: 2
cpu cores	: 2
apicid		: 4
initial apicid	: 4
fdiv_bug	: no
f00f_bug	: no
coma_bug	: no
fpu		: yes
fpu_exception	: yes
cpuid level	: 11
wp		: yes
flags		: fpu vme de pse tsc msr pae mce cx8 apic sep mtrr pge mca cmov pat pse36 clflush dts acpi mmx fxsr sse sse2 ss ht tm pbe nx rdtscp lm constant_tsc arch_perfmon pebs bts xtopology nonstop_tsc aperfmperf pni dtes64 monitor ds_cpl vmx est tm2 ssse3 cx16 xtpr pdcm pcid sse4_1 sse4_2 popcnt lahf_lm arat dtherm tpr_shadow vnmi flexpriority ept vpid
bogomips	: 4788.64
clflush size	: 64
cache_alignment	: 64
address sizes	: 36 bits physical, 48 bits virtual
power management:

processor	: 3
vendor_id	: GenuineIntel
cpu family	: 6
model		: 37
model name	: Intel(R) Core(TM) i3 CPU       M 370  @ 2.40GHz
stepping	: 5
microcode	: 0x2
cpu MHz		: 2399.000
cache size	: 3072 KB
physical id	: 0
siblings	: 4
core id		: 2
cpu cores	: 2
apicid		: 5
initial apicid	: 5
fdiv_bug	: no
f00f_bug	: no
coma_bug	: no
fpu		: yes
fpu_exception	: yes
cpuid level	: 11
wp		: yes
flags		: fpu vme de pse tsc msr pae mce cx8 apic sep mtrr pge mca cmov pat pse36 clflush dts acpi mmx fxsr sse sse2 ss ht tm pbe nx rdtscp lm constant_tsc arch_perfmon pebs bts xtopology nonstop_tsc aperfmperf pni dtes64 monitor ds_cpl vmx est tm2 ssse3 cx16 xtpr pdcm pcid sse4_1 sse4_2 popcnt lahf_lm arat dtherm tpr_shadow vnmi flexpriority ept vpid
bogomips	: 4788.64
clflush size	: 64
cache_alignment	: 64
address sizes	: 36 bits physical, 48 bits virtual
power management:



Memory: 4k page, physical 1924308k(166708k free), swap 487420k(153064k free)

vm_info: Java HotSpot(TM) Server VM (24.55-b03) for linux-x86 JRE (1.7.0_55-b13), built on Mar 17 2014 19:41:29 by "java_re" with gcc 4.3.0 20080428 (Red Hat 4.3.0-8)

time: Fri May 16 18:02:59 2014
elapsed time: 0 seconds

